<?xml version='1.0' encoding='utf-8'?>
<Site BuildName="Windows" BuildStamp="0001.01.01-00.00.00" Generator="UE4_Automation_System" CompilerName="" CompilerVersion="" OSName="Windows" Hostname="PC-TiffanyHo" OSRelease="10" OSVersion="10.0.19045" OSPlatform="Windows" Is64Bits="1" VendorString="Intel64 Family 6 Model 158 Stepping 9, GenuineIntel" VendorID="Intel64 Family 6 Model 158 Stepping 9, GenuineIntel" FamilyID="" ModelID="" ProcessorCacheSize="" NumberOfLogicalCPU="8" NumberOfPhysicalCPU="" TotalVirtualMemory="" TotalPhysicalMemory="" LogicalProcessorsPerPhysical="" ProcessorClockFrequency="">
  <Testing>
    <StartDateTime>0001.01.01-00.00.00</StartDateTime>
    <StartTestTime>0</StartTestTime>
    <EndDateTime>0001.01.01-00.00.00</EndDateTime>
    <EndTestTime>0</EndTestTime>
    <ElapsedMinutes>0.00</ElapsedMinutes>
    <TestList>
      <Test>Plugin.HorizonFramework.HorizonFrameworkTest.HelloWorld</Test>
      <Test>Plugin.SmokeTest.HorizonUI.EnumValidation</Test>
      <Test>Plugin.SmokeTest.HorizonUI.ModuleLoad</Test>
      <Test>Plugin.SmokeTest.HorizonUI.StructInstantiation</Test>
      <Test>Plugin.SmokeTest.HorizonUI.Success</Test>
      <Test>Plugin.UnitTests.HorizonTween.TweenActorEvent.MoveFromTo.CheckAlphaResult</Test>
      <Test>Plugin.UnitTests.HorizonTween.TweenFloatEvent.CheckAlphaResult</Test>
      <Test>Plugin.UnitTests.HorizonUI.BlinkingCursor</Test>
      <Test>Plugin.UnitTests.HorizonUI.DialogueBlock</Test>
      <Test>Plugin.UnitTests.HorizonUI.DialogueLine</Test>
      <Test>Plugin.UnitTests.HorizonUI.DialoguePage</Test>
      <Test>Plugin.UnitTests.HorizonUI.DialogueSegment</Test>
      <Test>Plugin.UnitTests.HorizonUI.TextOverflow</Test>
    </TestList>
    <Test Status="passed">
      <Name>Plugin.HorizonFramework.HorizonFrameworkTest.HelloWorld</Name>
      <Path>HelloWorld</Path>
      <FullName>Plugin.HorizonFramework.HorizonFrameworkTest.HelloWorld</FullName>
      <Results>
        <NamedMeasurement type="numeric/double" name="Execution Time">
          <Value>0.0024549998342990875</Value>
        </NamedMeasurement>
        <NamedMeasurement type="text/string" name="Completion Status">
          <Value>passed</Value>
        </NamedMeasurement>
        <NamedMeasurement type="numeric/int" name="Warnings">
          <Value>0</Value>
        </NamedMeasurement>
        <NamedMeasurement type="numeric/int" name="Errors">
          <Value>0</Value>
        </NamedMeasurement>
        <Measurement>
          <Value />
        </Measurement>
      </Results>
      <Labels />
      <Status>passed</Status>
      <CompletionStatus>passed</CompletionStatus>
      <ExecutionTime>0.0024549998342990875</ExecutionTime>
      <Command>Unreal Automation</Command>
      <StartTime>2026-06-01T13:00:34Z</StartTime>
      <EndTime>2026-06-01T13:00:34Z</EndTime>
    </Test>
    <Test Status="passed">
      <Name>Plugin.SmokeTest.HorizonUI.EnumValidation</Name>
      <Path>EnumValidation</Path>
      <FullName>Plugin.SmokeTest.HorizonUI.EnumValidation</FullName>
      <Results>
        <NamedMeasurement type="numeric/double" name="Execution Time">
          <Value>0.0046642012894153595</Value>
        </NamedMeasurement>
        <NamedMeasurement type="text/string" name="Completion Status">
          <Value>passed</Value>
        </NamedMeasurement>
        <NamedMeasurement type="numeric/int" name="Warnings">
          <Value>0</Value>
        </NamedMeasurement>
        <NamedMeasurement type="numeric/int" name="Errors">
          <Value>0</Value>
        </NamedMeasurement>
        <Measurement>
          <Value />
        </Measurement>
      </Results>
      <Labels />
      <Status>passed</Status>
      <CompletionStatus>passed</CompletionStatus>
      <ExecutionTime>0.0046642012894153595</ExecutionTime>
      <Command>Unreal Automation</Command>
      <StartTime>2026-06-01T13:00:34Z</StartTime>
      <EndTime>2026-06-01T13:00:34Z</EndTime>
    </Test>
    <Test Status="passed">
      <Name>Plugin.SmokeTest.HorizonUI.ModuleLoad</Name>
      <Path>ModuleLoad</Path>
      <FullName>Plugin.SmokeTest.HorizonUI.ModuleLoad</FullName>
      <Results>
        <NamedMeasurement type="numeric/double" name="Execution Time">
          <Value>0.003917500376701355</Value>
        </NamedMeasurement>
        <NamedMeasurement type="text/string" name="Completion Status">
          <Value>passed</Value>
        </NamedMeasurement>
        <NamedMeasurement type="numeric/int" name="Warnings">
          <Value>0</Value>
        </NamedMeasurement>
        <NamedMeasurement type="numeric/int" name="Errors">
          <Value>0</Value>
        </NamedMeasurement>
        <Measurement>
          <Value />
        </Measurement>
      </Results>
      <Labels />
      <Status>passed</Status>
      <CompletionStatus>passed</CompletionStatus>
      <ExecutionTime>0.003917500376701355</ExecutionTime>
      <Command>Unreal Automation</Command>
      <StartTime>2026-06-01T13:00:34Z</StartTime>
      <EndTime>2026-06-01T13:00:34Z</EndTime>
    </Test>
    <Test Status="passed">
      <Name>Plugin.SmokeTest.HorizonUI.StructInstantiation</Name>
      <Path>StructInstantiation</Path>
      <FullName>Plugin.SmokeTest.HorizonUI.StructInstantiation</FullName>
      <Results>
        <NamedMeasurement type="numeric/double" name="Execution Time">
          <Value>0.010997399687767029</Value>
        </NamedMeasurement>
        <NamedMeasurement type="text/string" name="Completion Status">
          <Value>passed</Value>
        </NamedMeasurement>
        <NamedMeasurement type="numeric/int" name="Warnings">
          <Value>0</Value>
        </NamedMeasurement>
        <NamedMeasurement type="numeric/int" name="Errors">
          <Value>0</Value>
        </NamedMeasurement>
        <Measurement>
          <Value />
        </Measurement>
      </Results>
      <Labels />
      <Status>passed</Status>
      <CompletionStatus>passed</CompletionStatus>
      <ExecutionTime>0.010997399687767029</ExecutionTime>
      <Command>Unreal Automation</Command>
      <StartTime>2026-06-01T13:00:34Z</StartTime>
      <EndTime>2026-06-01T13:00:34Z</EndTime>
    </Test>
    <Test Status="passed">
      <Name>Plugin.SmokeTest.HorizonUI.Success</Name>
      <Path>Success</Path>
      <FullName>Plugin.SmokeTest.HorizonUI.Success</FullName>
      <Results>
        <NamedMeasurement type="numeric/double" name="Execution Time">
          <Value>0.0037028007209300995</Value>
        </NamedMeasurement>
        <NamedMeasurement type="text/string" name="Completion Status">
          <Value>passed</Value>
        </NamedMeasurement>
        <NamedMeasurement type="numeric/int" name="Warnings">
          <Value>0</Value>
        </NamedMeasurement>
        <NamedMeasurement type="numeric/int" name="Errors">
          <Value>0</Value>
        </NamedMeasurement>
        <Measurement>
          <Value />
        </Measurement>
      </Results>
      <Labels />
      <Status>passed</Status>
      <CompletionStatus>passed</CompletionStatus>
      <ExecutionTime>0.0037028007209300995</ExecutionTime>
      <Command>Unreal Automation</Command>
      <StartTime>2026-06-01T13:00:34Z</StartTime>
      <EndTime>2026-06-01T13:00:34Z</EndTime>
    </Test>
    <Test Status="passed">
      <Name>Plugin.UnitTests.HorizonTween.TweenActorEvent.MoveFromTo.CheckAlphaResult</Name>
      <Path>CheckAlphaResult</Path>
      <FullName>Plugin.UnitTests.HorizonTween.TweenActorEvent.MoveFromTo.CheckAlphaResult</FullName>
      <Results>
        <NamedMeasurement type="numeric/double" name="Execution Time">
          <Value>1.085079312324524</Value>
        </NamedMeasurement>
        <NamedMeasurement type="text/string" name="Completion Status">
          <Value>passed</Value>
        </NamedMeasurement>
        <NamedMeasurement type="numeric/int" name="Warnings">
          <Value>0</Value>
        </NamedMeasurement>
        <NamedMeasurement type="numeric/int" name="Errors">
          <Value>0</Value>
        </NamedMeasurement>
        <Measurement>
          <Value />
        </Measurement>
      </Results>
      <Labels />
      <Status>passed</Status>
      <CompletionStatus>passed</CompletionStatus>
      <ExecutionTime>1.085079312324524</ExecutionTime>
      <Command>Unreal Automation</Command>
      <StartTime>2026-06-01T13:00:34Z</StartTime>
      <EndTime>2026-06-01T13:00:34Z</EndTime>
    </Test>
    <Test Status="passed">
      <Name>Plugin.UnitTests.HorizonTween.TweenFloatEvent.CheckAlphaResult</Name>
      <Path>CheckAlphaResult</Path>
      <FullName>Plugin.UnitTests.HorizonTween.TweenFloatEvent.CheckAlphaResult</FullName>
      <Results>
        <NamedMeasurement type="numeric/double" name="Execution Time">
          <Value>1.0277682542800903</Value>
        </NamedMeasurement>
        <NamedMeasurement type="text/string" name="Completion Status">
          <Value>passed</Value>
        </NamedMeasurement>
        <NamedMeasurement type="numeric/int" name="Warnings">
          <Value>0</Value>
        </NamedMeasurement>
        <NamedMeasurement type="numeric/int" name="Errors">
          <Value>0</Value>
        </NamedMeasurement>
        <Measurement>
          <Value />
        </Measurement>
      </Results>
      <Labels />
      <Status>passed</Status>
      <CompletionStatus>passed</CompletionStatus>
      <ExecutionTime>1.0277682542800903</ExecutionTime>
      <Command>Unreal Automation</Command>
      <StartTime>2026-06-01T13:00:34Z</StartTime>
      <EndTime>2026-06-01T13:00:34Z</EndTime>
    </Test>
    <Test Status="passed">
      <Name>Plugin.UnitTests.HorizonUI.BlinkingCursor</Name>
      <Path>BlinkingCursor</Path>
      <FullName>Plugin.UnitTests.HorizonUI.BlinkingCursor</FullName>
      <Results>
        <NamedMeasurement type="numeric/double" name="Execution Time">
          <Value>0.010897301137447357</Value>
        </NamedMeasurement>
        <NamedMeasurement type="text/string" name="Completion Status">
          <Value>passed</Value>
        </NamedMeasurement>
        <NamedMeasurement type="numeric/int" name="Warnings">
          <Value>0</Value>
        </NamedMeasurement>
        <NamedMeasurement type="numeric/int" name="Errors">
          <Value>0</Value>
        </NamedMeasurement>
        <Measurement>
          <Value />
        </Measurement>
      </Results>
      <Labels />
      <Status>passed</Status>
      <CompletionStatus>passed</CompletionStatus>
      <ExecutionTime>0.010897301137447357</ExecutionTime>
      <Command>Unreal Automation</Command>
      <StartTime>2026-06-01T13:00:34Z</StartTime>
      <EndTime>2026-06-01T13:00:34Z</EndTime>
    </Test>
    <Test Status="passed">
      <Name>Plugin.UnitTests.HorizonUI.DialogueBlock</Name>
      <Path>DialogueBlock</Path>
      <FullName>Plugin.UnitTests.HorizonUI.DialogueBlock</FullName>
      <Results>
        <NamedMeasurement type="numeric/double" name="Execution Time">
          <Value>0.009304400533437729</Value>
        </NamedMeasurement>
        <NamedMeasurement type="text/string" name="Completion Status">
          <Value>passed</Value>
        </NamedMeasurement>
        <NamedMeasurement type="numeric/int" name="Warnings">
          <Value>0</Value>
        </NamedMeasurement>
        <NamedMeasurement type="numeric/int" name="Errors">
          <Value>0</Value>
        </NamedMeasurement>
        <Measurement>
          <Value />
        </Measurement>
      </Results>
      <Labels />
      <Status>passed</Status>
      <CompletionStatus>passed</CompletionStatus>
      <ExecutionTime>0.009304400533437729</ExecutionTime>
      <Command>Unreal Automation</Command>
      <StartTime>2026-06-01T13:00:34Z</StartTime>
      <EndTime>2026-06-01T13:00:34Z</EndTime>
    </Test>
    <Test Status="passed">
      <Name>Plugin.UnitTests.HorizonUI.DialogueLine</Name>
      <Path>DialogueLine</Path>
      <FullName>Plugin.UnitTests.HorizonUI.DialogueLine</FullName>
      <Results>
        <NamedMeasurement type="numeric/double" name="Execution Time">
          <Value>0.006364002823829651</Value>
        </NamedMeasurement>
        <NamedMeasurement type="text/string" name="Completion Status">
          <Value>passed</Value>
        </NamedMeasurement>
        <NamedMeasurement type="numeric/int" name="Warnings">
          <Value>0</Value>
        </NamedMeasurement>
        <NamedMeasurement type="numeric/int" name="Errors">
          <Value>0</Value>
        </NamedMeasurement>
        <Measurement>
          <Value />
        </Measurement>
      </Results>
      <Labels />
      <Status>passed</Status>
      <CompletionStatus>passed</CompletionStatus>
      <ExecutionTime>0.006364002823829651</ExecutionTime>
      <Command>Unreal Automation</Command>
      <StartTime>2026-06-01T13:00:34Z</StartTime>
      <EndTime>2026-06-01T13:00:34Z</EndTime>
    </Test>
    <Test Status="passed">
      <Name>Plugin.UnitTests.HorizonUI.DialoguePage</Name>
      <Path>DialoguePage</Path>
      <FullName>Plugin.UnitTests.HorizonUI.DialoguePage</FullName>
      <Results>
        <NamedMeasurement type="numeric/double" name="Execution Time">
          <Value>0.005854800343513489</Value>
        </NamedMeasurement>
        <NamedMeasurement type="text/string" name="Completion Status">
          <Value>passed</Value>
        </NamedMeasurement>
        <NamedMeasurement type="numeric/int" name="Warnings">
          <Value>0</Value>
        </NamedMeasurement>
        <NamedMeasurement type="numeric/int" name="Errors">
          <Value>0</Value>
        </NamedMeasurement>
        <Measurement>
          <Value />
        </Measurement>
      </Results>
      <Labels />
      <Status>passed</Status>
      <CompletionStatus>passed</CompletionStatus>
      <ExecutionTime>0.005854800343513489</ExecutionTime>
      <Command>Unreal Automation</Command>
      <StartTime>2026-06-01T13:00:34Z</StartTime>
      <EndTime>2026-06-01T13:00:34Z</EndTime>
    </Test>
    <Test Status="passed">
      <Name>Plugin.UnitTests.HorizonUI.DialogueSegment</Name>
      <Path>DialogueSegment</Path>
      <FullName>Plugin.UnitTests.HorizonUI.DialogueSegment</FullName>
      <Results>
        <NamedMeasurement type="numeric/double" name="Execution Time">
          <Value>0.006849400699138641</Value>
        </NamedMeasurement>
        <NamedMeasurement type="text/string" name="Completion Status">
          <Value>passed</Value>
        </NamedMeasurement>
        <NamedMeasurement type="numeric/int" name="Warnings">
          <Value>0</Value>
        </NamedMeasurement>
        <NamedMeasurement type="numeric/int" name="Errors">
          <Value>0</Value>
        </NamedMeasurement>
        <Measurement>
          <Value />
        </Measurement>
      </Results>
      <Labels />
      <Status>passed</Status>
      <CompletionStatus>passed</CompletionStatus>
      <ExecutionTime>0.006849400699138641</ExecutionTime>
      <Command>Unreal Automation</Command>
      <StartTime>2026-06-01T13:00:34Z</StartTime>
      <EndTime>2026-06-01T13:00:34Z</EndTime>
    </Test>
    <Test Status="passed">
      <Name>Plugin.UnitTests.HorizonUI.TextOverflow</Name>
      <Path>TextOverflow</Path>
      <FullName>Plugin.UnitTests.HorizonUI.TextOverflow</FullName>
      <Results>
        <NamedMeasurement type="numeric/double" name="Execution Time">
          <Value>0.004414800554513931</Value>
        </NamedMeasurement>
        <NamedMeasurement type="text/string" name="Completion Status">
          <Value>passed</Value>
        </NamedMeasurement>
        <NamedMeasurement type="numeric/int" name="Warnings">
          <Value>0</Value>
        </NamedMeasurement>
        <NamedMeasurement type="numeric/int" name="Errors">
          <Value>0</Value>
        </NamedMeasurement>
        <Measurement>
          <Value />
        </Measurement>
      </Results>
      <Labels />
      <Status>passed</Status>
      <CompletionStatus>passed</CompletionStatus>
      <ExecutionTime>0.004414800554513931</ExecutionTime>
      <Command>Unreal Automation</Command>
      <StartTime>2026-06-01T13:00:34Z</StartTime>
      <EndTime>2026-06-01T13:00:34Z</EndTime>
    </Test>
  </Testing>
</Site>